<?xml version="1.0" encoding="UTF-8"?>
<testng-results ignored="1" total="2" passed="1" failed="0" skipped="0">
  <reporter-output>
  </reporter-output>
  <suite started-at="2022-08-30T13:10:08 IST" name="Default suite" finished-at="2022-08-30T13:10:39 IST" duration-ms="31606">
    <groups>
    </groups>
    <test started-at="2022-08-30T13:10:08 IST" name="Default test" finished-at="2022-08-30T13:10:39 IST" duration-ms="31606">
      <class name="test.LoginPageTest">
        <test-method is-config="true" signature="addReports()[pri:0, instance:test.LoginPageTest@54a7079e]" started-at="2022-08-30T13:10:08 IST" name="addReports" finished-at="2022-08-30T13:10:08 IST" duration-ms="796" status="PASS">
          <reporter-output>
          </reporter-output>
        </test-method> <!-- addReports -->
        <test-method is-config="true" signature="launchBrowser()[pri:0, instance:test.LoginPageTest@54a7079e]" started-at="2022-08-30T13:10:08 IST" name="launchBrowser" finished-at="2022-08-30T13:10:29 IST" duration-ms="20341" status="PASS">
          <reporter-output>
          </reporter-output>
        </test-method> <!-- launchBrowser -->
        <test-method signature="ZerodhaLoginTest()[pri:0, instance:test.LoginPageTest@54a7079e]" started-at="2022-08-30T13:10:29 IST" name="ZerodhaLoginTest" finished-at="2022-08-30T13:10:33 IST" duration-ms="3904" status="PASS">
          <reporter-output>
          </reporter-output>
        </test-method> <!-- ZerodhaLoginTest -->
        <test-method is-config="true" signature="Screenshot()[pri:0, instance:test.LoginPageTest@54a7079e]" started-at="2022-08-30T13:10:33 IST" name="Screenshot" finished-at="2022-08-30T13:10:36 IST" duration-ms="3564" status="PASS">
          <reporter-output>
          </reporter-output>
        </test-method> <!-- Screenshot -->
        <test-method is-config="true" signature="flush()[pri:0, instance:test.LoginPageTest@54a7079e]" started-at="2022-08-30T13:10:36 IST" name="flush" finished-at="2022-08-30T13:10:39 IST" duration-ms="2922" status="PASS">
          <reporter-output>
          </reporter-output>
        </test-method> <!-- flush -->
      </class> <!-- test.LoginPageTest -->
    </test> <!-- Default test -->
  </suite> <!-- Default suite -->
</testng-results>
